mode: set
github.com/gizak/hammingcode/decoder.go:17.27,23.2 1 1
github.com/gizak/hammingcode/decoder.go:25.59,26.29 1 1
github.com/gizak/hammingcode/decoder.go:29.2,29.23 1 1
github.com/gizak/hammingcode/decoder.go:26.29,28.3 1 1
github.com/gizak/hammingcode/decoder.go:32.40,34.24 2 1
github.com/gizak/hammingcode/decoder.go:39.2,41.35 2 1
github.com/gizak/hammingcode/decoder.go:49.2,49.11 1 1
github.com/gizak/hammingcode/decoder.go:34.24,35.13 1 1
github.com/gizak/hammingcode/decoder.go:35.13,37.4 1 1
github.com/gizak/hammingcode/decoder.go:41.35,43.25 2 1
github.com/gizak/hammingcode/decoder.go:46.3,46.30 1 1
github.com/gizak/hammingcode/decoder.go:43.25,45.4 1 1
github.com/gizak/hammingcode/decoder.go:53.62,57.2 3 1
github.com/gizak/hammingcode/decoder.go:60.32,62.2 1 0
github.com/gizak/hammingcode/decoder.go:65.55,67.31 2 1
github.com/gizak/hammingcode/decoder.go:71.2,72.23 2 1
github.com/gizak/hammingcode/decoder.go:77.2,77.30 1 1
github.com/gizak/hammingcode/decoder.go:90.2,90.30 1 1
github.com/gizak/hammingcode/decoder.go:95.2,100.12 5 1
github.com/gizak/hammingcode/decoder.go:67.31,69.3 1 1
github.com/gizak/hammingcode/decoder.go:72.23,74.3 1 1
github.com/gizak/hammingcode/decoder.go:77.30,78.37 1 1
github.com/gizak/hammingcode/decoder.go:86.2,87.3 1 0
github.com/gizak/hammingcode/decoder.go:78.37,79.36 1 1
github.com/gizak/hammingcode/decoder.go:79.36,80.18 1 1
github.com/gizak/hammingcode/decoder.go:80.18,82.15 2 1
github.com/gizak/hammingcode/decoder.go:90.30,92.3 1 1
github.com/gizak/hammingcode/decoder.go:105.39,107.64 2 1
github.com/gizak/hammingcode/decoder.go:113.2,116.27 3 1
github.com/gizak/hammingcode/decoder.go:122.2,122.11 1 1
github.com/gizak/hammingcode/decoder.go:107.64,108.21 1 1
github.com/gizak/hammingcode/decoder.go:108.21,110.4 1 0
github.com/gizak/hammingcode/decoder.go:116.27,118.3 1 0
github.com/gizak/hammingcode/decoder.go:118.4,120.3 1 1
github.com/gizak/hammingcode/decoder.go:126.41,128.64 1 1
github.com/gizak/hammingcode/decoder.go:135.2,135.13 1 1
github.com/gizak/hammingcode/decoder.go:128.64,129.21 1 1
github.com/gizak/hammingcode/decoder.go:129.21,130.28 1 1
github.com/gizak/hammingcode/decoder.go:130.28,132.5 1 1
github.com/gizak/hammingcode/decoder.go:139.34,141.2 1 0
github.com/gizak/hammingcode/factors.go:11.24,13.2 1 1
github.com/gizak/hammingcode/factors.go:15.30,22.2 6 1
github.com/gizak/hammingcode/factors.go:24.32,31.2 6 1
github.com/gizak/hammingcode/factors.go:33.31,40.2 6 1
github.com/gizak/hammingcode/factors.go:43.46,45.23 2 1
github.com/gizak/hammingcode/factors.go:48.2,48.10 1 1
github.com/gizak/hammingcode/factors.go:45.23,47.3 1 1
github.com/gizak/hammingcode/factors.go:53.28,56.30 3 1
github.com/gizak/hammingcode/factors.go:63.2,63.12 1 1
github.com/gizak/hammingcode/factors.go:56.30,57.27 1 1
github.com/gizak/hammingcode/factors.go:60.3,61.12 2 1
github.com/gizak/hammingcode/factors.go:57.27,59.4 1 0
github.com/gizak/hammingcode/factors.go:67.38,68.28 1 1
github.com/gizak/hammingcode/factors.go:71.2,71.28 1 1
github.com/gizak/hammingcode/factors.go:68.28,70.3 1 0
github.com/gizak/hammingcode/factors.go:75.41,76.28 1 1
github.com/gizak/hammingcode/factors.go:79.2,80.17 2 1
github.com/gizak/hammingcode/factors.go:76.28,78.3 1 0
github.com/gizak/hammingcode/factors.go:85.22,87.25 2 1
github.com/gizak/hammingcode/factors.go:90.2,90.10 1 1
github.com/gizak/hammingcode/factors.go:87.25,89.3 1 1
github.com/gizak/hammingcode/factors.go:95.34,97.31 2 1
github.com/gizak/hammingcode/factors.go:97.31,100.26 2 1
github.com/gizak/hammingcode/factors.go:100.26,102.19 2 1
github.com/gizak/hammingcode/factors.go:102.19,103.10 1 1
github.com/gizak/hammingcode/factors.go:112.36,114.36 2 1
github.com/gizak/hammingcode/factors.go:123.2,123.25 1 1
github.com/gizak/hammingcode/factors.go:128.2,128.17 1 1
github.com/gizak/hammingcode/factors.go:114.36,115.26 1 1
github.com/gizak/hammingcode/factors.go:120.3,120.15 1 1
github.com/gizak/hammingcode/factors.go:115.26,116.16 1 1
github.com/gizak/hammingcode/factors.go:116.16,118.5 1 1
github.com/gizak/hammingcode/factors.go:123.25,124.16 1 1
github.com/gizak/hammingcode/factors.go:124.16,126.4 1 1
github.com/gizak/hammingcode/factors.go:133.40,143.36 5 1
github.com/gizak/hammingcode/factors.go:156.2,156.10 1 1
github.com/gizak/hammingcode/factors.go:143.36,146.30 3 1
github.com/gizak/hammingcode/factors.go:149.3,149.30 1 1
github.com/gizak/hammingcode/factors.go:153.3,153.42 1 1
github.com/gizak/hammingcode/factors.go:146.30,148.4 1 1
github.com/gizak/hammingcode/factors.go:149.30,151.4 1 1
github.com/gizak/hammingcode/factors.go:161.36,165.32 4 1
github.com/gizak/hammingcode/factors.go:168.2,168.15 1 1
github.com/gizak/hammingcode/factors.go:165.32,167.3 1 1
github.com/gizak/hammingcode/factors.go:172.52,176.30 3 1
github.com/gizak/hammingcode/factors.go:182.2,185.15 3 1
github.com/gizak/hammingcode/factors.go:176.30,178.26 2 1
github.com/gizak/hammingcode/factors.go:178.26,180.4 1 1
github.com/gizak/hammingcode/factors.go:189.43,193.33 3 1
github.com/gizak/hammingcode/factors.go:203.2,203.12 1 1
github.com/gizak/hammingcode/factors.go:193.33,196.33 3 1
github.com/gizak/hammingcode/factors.go:200.3,200.20 1 1
github.com/gizak/hammingcode/factors.go:196.33,199.4 2 1
github.com/gizak/hammingcode/factors.go:207.42,211.33 3 1
github.com/gizak/hammingcode/factors.go:223.2,223.12 1 1
github.com/gizak/hammingcode/factors.go:211.33,214.33 3 1
github.com/gizak/hammingcode/factors.go:220.3,220.20 1 1
github.com/gizak/hammingcode/factors.go:214.33,216.25 2 1
github.com/gizak/hammingcode/factors.go:216.25,218.5 1 1
github.com/gizak/hammingcode/graph.go:23.42,25.62 1 1
github.com/gizak/hammingcode/graph.go:30.2,30.12 1 1
github.com/gizak/hammingcode/graph.go:25.62,26.23 1 1
github.com/gizak/hammingcode/graph.go:26.23,28.4 1 0
github.com/gizak/hammingcode/graph.go:34.41,36.2 1 1
github.com/gizak/hammingcode/graph.go:40.45,42.15 2 1
github.com/gizak/hammingcode/graph.go:42.15,44.30 1 1
github.com/gizak/hammingcode/graph.go:50.3,51.79 2 1
github.com/gizak/hammingcode/graph.go:54.3,54.31 1 1
github.com/gizak/hammingcode/graph.go:44.30,47.4 2 1
github.com/gizak/hammingcode/graph.go:51.79,53.4 1 1
github.com/gizak/hammingcode/graph.go:55.4,57.3 1 0
github.com/gizak/hammingcode/graph.go:61.45,64.2 2 1
github.com/gizak/hammingcode/graph.go:67.24,69.2 1 1
github.com/gizak/hammingcode/graph.go:72.46,81.2 4 1
